<?xml version="1.0" encoding="UTF-8" standalone="no"?>
<!DOCTYPE report PUBLIC "-//JACOCO//DTD Report 1.1//EN" "report.dtd"[]>
<report name="Pester (01/03/2023 06:11:13)">
  <sessioninfo id="this" start="1672726187870" dump="1672726273994" />
  <package name="src">
    <class name="src/Install-Defaults" sourcefilename="Install-Defaults.ps1">
      <method name="&lt;script&gt;" desc="()" line="24">
        <counter type="INSTRUCTION" missed="74" covered="148" />
        <counter type="LINE" missed="41" covered="80" />
        <counter type="METHOD" missed="0" covered="1" />
      </method>
      <counter type="INSTRUCTION" missed="74" covered="148" />
      <counter type="LINE" missed="41" covered="80" />
      <counter type="METHOD" missed="0" covered="1" />
      <counter type="CLASS" missed="0" covered="1" />
    </class>
    <class name="src/Install-Defaults" sourcefilename="Install-Defaults.psm1">
      <method name="New-ScriptEventLog" desc="()" line="10">
        <counter type="INSTRUCTION" missed="0" covered="6" />
        <counter type="LINE" missed="0" covered="6" />
        <counter type="METHOD" missed="0" covered="1" />
      </method>
      <method name="Write-ToEventLog" desc="()" line="23">
        <counter type="INSTRUCTION" missed="1" covered="18" />
        <counter type="LINE" missed="1" covered="14" />
        <counter type="METHOD" missed="0" covered="1" />
      </method>
      <method name="Get-Platform" desc="()" line="46">
        <counter type="INSTRUCTION" missed="5" covered="4" />
        <counter type="LINE" missed="5" covered="3" />
        <counter type="METHOD" missed="0" covered="1" />
      </method>
      <method name="Get-OSName" desc="()" line="70">
        <counter type="INSTRUCTION" missed="7" covered="4" />
        <counter type="LINE" missed="7" covered="3" />
        <counter type="METHOD" missed="0" covered="1" />
      </method>
      <method name="Get-Model" desc="()" line="100">
        <counter type="INSTRUCTION" missed="1" covered="5" />
        <counter type="LINE" missed="1" covered="4" />
        <counter type="METHOD" missed="0" covered="1" />
      </method>
      <method name="Get-SettingsContent" desc="()" line="112">
        <counter type="INSTRUCTION" missed="1" covered="7" />
        <counter type="LINE" missed="1" covered="6" />
        <counter type="METHOD" missed="0" covered="1" />
      </method>
      <method name="Set-RegistryOwner" desc="()" line="132">
        <counter type="INSTRUCTION" missed="24" covered="0" />
        <counter type="LINE" missed="15" covered="0" />
        <counter type="METHOD" missed="1" covered="0" />
      </method>
      <method name="Set-RegistryKeyOwner" desc="()" line="155">
        <counter type="INSTRUCTION" missed="23" covered="0" />
        <counter type="LINE" missed="20" covered="0" />
        <counter type="METHOD" missed="1" covered="0" />
      </method>
      <method name="Set-Registry" desc="()" line="206">
        <counter type="INSTRUCTION" missed="24" covered="29" />
        <counter type="LINE" missed="13" covered="14" />
        <counter type="METHOD" missed="0" covered="1" />
      </method>
      <method name="Set-DefaultUserProfile" desc="()" line="257">
        <counter type="INSTRUCTION" missed="20" covered="84" />
        <counter type="LINE" missed="7" covered="52" />
        <counter type="METHOD" missed="0" covered="1" />
      </method>
      <method name="Copy-File" desc="()" line="361">
        <counter type="INSTRUCTION" missed="20" covered="12" />
        <counter type="LINE" missed="12" covered="6" />
        <counter type="METHOD" missed="0" covered="1" />
      </method>
      <method name="New-Directory" desc="()" line="394">
        <counter type="INSTRUCTION" missed="21" covered="0" />
        <counter type="LINE" missed="11" covered="0" />
        <counter type="METHOD" missed="1" covered="0" />
      </method>
      <method name="Remove-Path" desc="()" line="419">
        <counter type="INSTRUCTION" missed="18" covered="2" />
        <counter type="LINE" missed="12" covered="2" />
        <counter type="METHOD" missed="0" covered="1" />
      </method>
      <method name="Remove-Feature" desc="()" line="447">
        <counter type="INSTRUCTION" missed="2" covered="24" />
        <counter type="LINE" missed="1" covered="14" />
        <counter type="METHOD" missed="0" covered="1" />
      </method>
      <method name="Remove-Capability" desc="()" line="476">
        <counter type="INSTRUCTION" missed="2" covered="18" />
        <counter type="LINE" missed="1" covered="12" />
        <counter type="METHOD" missed="0" covered="1" />
      </method>
      <method name="Remove-Package" desc="()" line="503">
        <counter type="INSTRUCTION" missed="18" covered="7" />
        <counter type="LINE" missed="10" covered="5" />
        <counter type="METHOD" missed="0" covered="1" />
      </method>
      <method name="Get-CurrentUserSid" desc="()" line="530">
        <counter type="INSTRUCTION" missed="3" covered="0" />
        <counter type="LINE" missed="2" covered="0" />
        <counter type="METHOD" missed="1" covered="0" />
      </method>
      <method name="Restart-NamedService" desc="()" line="538">
        <counter type="INSTRUCTION" missed="12" covered="1" />
        <counter type="LINE" missed="5" covered="1" />
        <counter type="METHOD" missed="0" covered="1" />
      </method>
      <method name="Start-NamedService" desc="()" line="556">
        <counter type="INSTRUCTION" missed="12" covered="1" />
        <counter type="LINE" missed="5" covered="1" />
        <counter type="METHOD" missed="0" covered="1" />
      </method>
      <method name="Stop-NamedService" desc="()" line="574">
        <counter type="INSTRUCTION" missed="12" covered="1" />
        <counter type="LINE" missed="5" covered="1" />
        <counter type="METHOD" missed="0" covered="1" />
      </method>
      <method name="Install-SystemLanguage" desc="()" line="592">
        <counter type="INSTRUCTION" missed="48" covered="0" />
        <counter type="LINE" missed="25" covered="0" />
        <counter type="METHOD" missed="1" covered="0" />
      </method>
      <counter type="INSTRUCTION" missed="274" covered="223" />
      <counter type="LINE" missed="159" covered="144" />
      <counter type="METHOD" missed="5" covered="16" />
      <counter type="CLASS" missed="0" covered="1" />
    </class>
    <class name="src/Remove-AppxApps" sourcefilename="Remove-AppxApps.ps1">
      <method name="&lt;script&gt;" desc="()" line="62">
        <counter type="INSTRUCTION" missed="25" covered="43" />
        <counter type="LINE" missed="16" covered="31" />
        <counter type="METHOD" missed="0" covered="1" />
      </method>
      <method name="Edit-ProtectedApp" desc="()" line="161">
        <counter type="INSTRUCTION" missed="2" covered="9" />
        <counter type="LINE" missed="2" covered="8" />
        <counter type="METHOD" missed="0" covered="1" />
      </method>
      <counter type="INSTRUCTION" missed="27" covered="52" />
      <counter type="LINE" missed="18" covered="39" />
      <counter type="METHOD" missed="0" covered="2" />
      <counter type="CLASS" missed="0" covered="1" />
    </class>
    <class name="src/Remove-Defaults" sourcefilename="Remove-Defaults.ps1">
      <method name="&lt;script&gt;" desc="()" line="19">
        <counter type="INSTRUCTION" missed="1" covered="6" />
        <counter type="LINE" missed="1" covered="6" />
        <counter type="METHOD" missed="0" covered="1" />
      </method>
      <counter type="INSTRUCTION" missed="1" covered="6" />
      <counter type="LINE" missed="1" covered="6" />
      <counter type="METHOD" missed="0" covered="1" />
      <counter type="CLASS" missed="0" covered="1" />
    </class>
    <sourcefile name="Install-Defaults.ps1">
      <line nr="24" mi="0" ci="1" mb="0" cb="0" />
      <line nr="33" mi="0" ci="1" mb="0" cb="0" />
      <line nr="46" mi="0" ci="2" mb="0" cb="0" />
      <line nr="47" mi="1" ci="0" mb="0" cb="0" />
      <line nr="50" mi="1" ci="0" mb="0" cb="0" />
      <line nr="51" mi="1" ci="0" mb="0" cb="0" />
      <line nr="52" mi="3" ci="0" mb="0" cb="0" />
      <line nr="56" mi="2" ci="0" mb="0" cb="0" />
      <line nr="57" mi="2" ci="0" mb="0" cb="0" />
      <line nr="58" mi="1" ci="0" mb="0" cb="0" />
      <line nr="59" mi="1" ci="0" mb="0" cb="0" />
      <line nr="60" mi="1" ci="0" mb="0" cb="0" />
      <line nr="61" mi="1" ci="0" mb="0" cb="0" />
      <line nr="62" mi="1" ci="0" mb="0" cb="0" />
      <line nr="63" mi="1" ci="0" mb="0" cb="0" />
      <line nr="64" mi="1" ci="0" mb="0" cb="0" />
      <line nr="65" mi="1" ci="0" mb="0" cb="0" />
      <line nr="67" mi="1" ci="0" mb="0" cb="0" />
      <line nr="68" mi="1" ci="0" mb="0" cb="0" />
      <line nr="75" mi="0" ci="2" mb="0" cb="0" />
      <line nr="78" mi="1" ci="0" mb="0" cb="0" />
      <line nr="83" mi="0" ci="1" mb="0" cb="0" />
      <line nr="84" mi="0" ci="1" mb="0" cb="0" />
      <line nr="85" mi="0" ci="1" mb="0" cb="0" />
      <line nr="89" mi="1" ci="2" mb="0" cb="0" />
      <line nr="90" mi="0" ci="1" mb="0" cb="0" />
      <line nr="91" mi="0" ci="1" mb="0" cb="0" />
      <line nr="94" mi="0" ci="1" mb="0" cb="0" />
      <line nr="97" mi="0" ci="2" mb="0" cb="0" />
      <line nr="98" mi="0" ci="1" mb="0" cb="0" />
      <line nr="99" mi="0" ci="4" mb="0" cb="0" />
      <line nr="100" mi="0" ci="1" mb="0" cb="0" />
      <line nr="104" mi="0" ci="1" mb="0" cb="0" />
      <line nr="105" mi="0" ci="1" mb="0" cb="0" />
      <line nr="106" mi="0" ci="5" mb="0" cb="0" />
      <line nr="108" mi="0" ci="2" mb="0" cb="0" />
      <line nr="109" mi="0" ci="1" mb="0" cb="0" />
      <line nr="110" mi="0" ci="1" mb="0" cb="0" />
      <line nr="111" mi="0" ci="5" mb="0" cb="0" />
      <line nr="113" mi="0" ci="1" mb="0" cb="0" />
      <line nr="114" mi="0" ci="1" mb="0" cb="0" />
      <line nr="115" mi="0" ci="5" mb="0" cb="0" />
      <line nr="117" mi="0" ci="1" mb="0" cb="0" />
      <line nr="118" mi="0" ci="1" mb="0" cb="0" />
      <line nr="119" mi="0" ci="5" mb="0" cb="0" />
      <line nr="121" mi="0" ci="2" mb="0" cb="0" />
      <line nr="122" mi="0" ci="1" mb="0" cb="0" />
      <line nr="123" mi="0" ci="5" mb="0" cb="0" />
      <line nr="126" mi="0" ci="2" mb="0" cb="0" />
      <line nr="127" mi="0" ci="2" mb="0" cb="0" />
      <line nr="128" mi="0" ci="2" mb="0" cb="0" />
      <line nr="129" mi="0" ci="2" mb="0" cb="0" />
      <line nr="130" mi="0" ci="3" mb="0" cb="0" />
      <line nr="133" mi="0" ci="2" mb="0" cb="0" />
      <line nr="136" mi="0" ci="2" mb="0" cb="0" />
      <line nr="137" mi="0" ci="1" mb="0" cb="0" />
      <line nr="138" mi="0" ci="5" mb="0" cb="0" />
      <line nr="141" mi="0" ci="1" mb="0" cb="0" />
      <line nr="142" mi="0" ci="1" mb="0" cb="0" />
      <line nr="145" mi="0" ci="1" mb="0" cb="0" />
      <line nr="146" mi="1" ci="0" mb="0" cb="0" />
      <line nr="147" mi="1" ci="0" mb="0" cb="0" />
      <line nr="150" mi="0" ci="1" mb="0" cb="0" />
      <line nr="152" mi="0" ci="1" mb="0" cb="0" />
      <line nr="155" mi="0" ci="1" mb="0" cb="0" />
      <line nr="158" mi="0" ci="2" mb="0" cb="0" />
      <line nr="159" mi="0" ci="5" mb="0" cb="0" />
      <line nr="163" mi="0" ci="1" mb="0" cb="0" />
      <line nr="165" mi="0" ci="2" mb="0" cb="0" />
      <line nr="166" mi="1" ci="0" mb="0" cb="0" />
      <line nr="169" mi="0" ci="1" mb="0" cb="0" />
      <line nr="173" mi="1" ci="0" mb="0" cb="0" />
      <line nr="177" mi="0" ci="1" mb="0" cb="0" />
      <line nr="178" mi="0" ci="1" mb="0" cb="0" />
      <line nr="179" mi="0" ci="1" mb="0" cb="0" />
      <line nr="180" mi="0" ci="1" mb="0" cb="0" />
      <line nr="181" mi="0" ci="1" mb="0" cb="0" />
      <line nr="182" mi="0" ci="1" mb="0" cb="0" />
      <line nr="183" mi="0" ci="1" mb="0" cb="0" />
      <line nr="184" mi="0" ci="1" mb="0" cb="0" />
      <line nr="187" mi="2" ci="0" mb="0" cb="0" />
      <line nr="188" mi="5" ci="0" mb="0" cb="0" />
      <line nr="192" mi="0" ci="2" mb="0" cb="0" />
      <line nr="193" mi="0" ci="5" mb="0" cb="0" />
      <line nr="199" mi="0" ci="1" mb="0" cb="0" />
      <line nr="202" mi="1" ci="0" mb="0" cb="0" />
      <line nr="203" mi="1" ci="0" mb="0" cb="0" />
      <line nr="204" mi="4" ci="0" mb="0" cb="0" />
      <line nr="205" mi="1" ci="0" mb="0" cb="0" />
      <line nr="208" mi="5" ci="0" mb="0" cb="0" />
      <line nr="209" mi="1" ci="0" mb="0" cb="0" />
      <line nr="210" mi="1" ci="0" mb="0" cb="0" />
      <line nr="211" mi="1" ci="0" mb="0" cb="0" />
      <line nr="213" mi="3" ci="0" mb="0" cb="0" />
      <line nr="214" mi="6" ci="0" mb="0" cb="0" />
      <line nr="215" mi="1" ci="0" mb="0" cb="0" />
      <line nr="218" mi="1" ci="0" mb="0" cb="0" />
      <line nr="219" mi="1" ci="0" mb="0" cb="0" />
      <line nr="220" mi="5" ci="0" mb="0" cb="0" />
      <line nr="224" mi="1" ci="0" mb="0" cb="0" />
      <line nr="229" mi="0" ci="1" mb="0" cb="0" />
      <line nr="230" mi="4" ci="0" mb="0" cb="0" />
      <line nr="231" mi="1" ci="0" mb="0" cb="0" />
      <line nr="235" mi="0" ci="2" mb="0" cb="0" />
      <line nr="236" mi="0" ci="1" mb="0" cb="0" />
      <line nr="237" mi="0" ci="2" mb="0" cb="0" />
      <line nr="240" mi="2" ci="0" mb="0" cb="0" />
      <line nr="242" mi="0" ci="4" mb="0" cb="0" />
      <line nr="243" mi="0" ci="1" mb="0" cb="0" />
      <line nr="247" mi="0" ci="1" mb="0" cb="0" />
      <line nr="248" mi="0" ci="2" mb="0" cb="0" />
      <line nr="249" mi="0" ci="1" mb="0" cb="0" />
      <line nr="250" mi="0" ci="2" mb="0" cb="0" />
      <line nr="251" mi="0" ci="2" mb="0" cb="0" />
      <line nr="252" mi="0" ci="2" mb="0" cb="0" />
      <line nr="253" mi="0" ci="2" mb="0" cb="0" />
      <line nr="254" mi="0" ci="2" mb="0" cb="0" />
      <line nr="255" mi="0" ci="2" mb="0" cb="0" />
      <line nr="259" mi="0" ci="4" mb="0" cb="0" />
      <line nr="260" mi="0" ci="1" mb="0" cb="0" />
      <line nr="261" mi="1" ci="2" mb="0" cb="0" />
      <counter type="INSTRUCTION" missed="74" covered="148" />
      <counter type="LINE" missed="41" covered="80" />
      <counter type="METHOD" missed="0" covered="1" />
      <counter type="CLASS" missed="0" covered="1" />
    </sourcefile>
    <sourcefile name="Install-Defaults.psm1">
      <line nr="10" mi="0" ci="1" mb="0" cb="0" />
      <line nr="11" mi="0" ci="1" mb="0" cb="0" />
      <line nr="12" mi="0" ci="1" mb="0" cb="0" />
      <line nr="13" mi="0" ci="1" mb="0" cb="0" />
      <line nr="15" mi="0" ci="1" mb="0" cb="0" />
      <line nr="16" mi="0" ci="1" mb="0" cb="0" />
      <line nr="23" mi="0" ci="1" mb="0" cb="0" />
      <line nr="24" mi="0" ci="1" mb="0" cb="0" />
      <line nr="25" mi="0" ci="1" mb="0" cb="0" />
      <line nr="26" mi="0" ci="1" mb="0" cb="0" />
      <line nr="27" mi="0" ci="1" mb="0" cb="0" />
      <line nr="28" mi="1" ci="0" mb="0" cb="0" />
      <line nr="30" mi="0" ci="1" mb="0" cb="0" />
      <line nr="31" mi="0" ci="1" mb="0" cb="0" />
      <line nr="32" mi="0" ci="1" mb="0" cb="0" />
      <line nr="33" mi="0" ci="2" mb="0" cb="0" />
      <line nr="34" mi="0" ci="1" mb="0" cb="0" />
      <line nr="35" mi="0" ci="4" mb="0" cb="0" />
      <line nr="36" mi="0" ci="1" mb="0" cb="0" />
      <line nr="38" mi="0" ci="1" mb="0" cb="0" />
      <line nr="39" mi="0" ci="1" mb="0" cb="0" />
      <line nr="46" mi="0" ci="2" mb="0" cb="0" />
      <line nr="48" mi="0" ci="1" mb="0" cb="0" />
      <line nr="51" mi="1" ci="0" mb="0" cb="0" />
      <line nr="54" mi="1" ci="0" mb="0" cb="0" />
      <line nr="57" mi="1" ci="0" mb="0" cb="0" />
      <line nr="60" mi="1" ci="0" mb="0" cb="0" />
      <line nr="63" mi="1" ci="0" mb="0" cb="0" />
      <line nr="66" mi="0" ci="1" mb="0" cb="0" />
      <line nr="70" mi="0" ci="2" mb="0" cb="0" />
      <line nr="72" mi="0" ci="1" mb="0" cb="0" />
      <line nr="75" mi="1" ci="0" mb="0" cb="0" />
      <line nr="78" mi="1" ci="0" mb="0" cb="0" />
      <line nr="81" mi="1" ci="0" mb="0" cb="0" />
      <line nr="84" mi="1" ci="0" mb="0" cb="0" />
      <line nr="87" mi="1" ci="0" mb="0" cb="0" />
      <line nr="90" mi="1" ci="0" mb="0" cb="0" />
      <line nr="93" mi="1" ci="0" mb="0" cb="0" />
      <line nr="96" mi="0" ci="1" mb="0" cb="0" />
      <line nr="100" mi="0" ci="1" mb="0" cb="0" />
      <line nr="101" mi="0" ci="2" mb="0" cb="0" />
      <line nr="102" mi="0" ci="1" mb="0" cb="0" />
      <line nr="105" mi="1" ci="0" mb="0" cb="0" />
      <line nr="107" mi="0" ci="1" mb="0" cb="0" />
      <line nr="112" mi="0" ci="1" mb="0" cb="0" />
      <line nr="113" mi="0" ci="1" mb="0" cb="0" />
      <line nr="114" mi="0" ci="1" mb="0" cb="0" />
      <line nr="116" mi="0" ci="1" mb="0" cb="0" />
      <line nr="117" mi="0" ci="2" mb="0" cb="0" />
      <line nr="121" mi="1" ci="0" mb="0" cb="0" />
      <line nr="123" mi="0" ci="1" mb="0" cb="0" />
      <line nr="132" mi="1" ci="0" mb="0" cb="0" />
      <line nr="133" mi="1" ci="0" mb="0" cb="0" />
      <line nr="134" mi="1" ci="0" mb="0" cb="0" />
      <line nr="135" mi="1" ci="0" mb="0" cb="0" />
      <line nr="136" mi="1" ci="0" mb="0" cb="0" />
      <line nr="137" mi="1" ci="0" mb="0" cb="0" />
      <line nr="143" mi="1" ci="0" mb="0" cb="0" />
      <line nr="144" mi="1" ci="0" mb="0" cb="0" />
      <line nr="145" mi="4" ci="0" mb="0" cb="0" />
      <line nr="146" mi="1" ci="0" mb="0" cb="0" />
      <line nr="147" mi="1" ci="0" mb="0" cb="0" />
      <line nr="155" mi="1" ci="0" mb="0" cb="0" />
      <line nr="156" mi="1" ci="0" mb="0" cb="0" />
      <line nr="157" mi="1" ci="0" mb="0" cb="0" />
      <line nr="158" mi="1" ci="0" mb="0" cb="0" />
      <line nr="160" mi="1" ci="0" mb="0" cb="0" />
      <line nr="161" mi="1" ci="0" mb="0" cb="0" />
      <line nr="165" mi="1" ci="0" mb="0" cb="0" />
      <line nr="166" mi="1" ci="0" mb="0" cb="0" />
      <line nr="168" mi="1" ci="0" mb="0" cb="0" />
      <line nr="169" mi="1" ci="0" mb="0" cb="0" />
      <line nr="174" mi="1" ci="0" mb="0" cb="0" />
      <line nr="175" mi="1" ci="0" mb="0" cb="0" />
      <line nr="176" mi="2" ci="0" mb="0" cb="0" />
      <line nr="177" mi="1" ci="0" mb="0" cb="0" />
      <line nr="178" mi="1" ci="0" mb="0" cb="0" />
      <line nr="180" mi="1" ci="0" mb="0" cb="0" />
      <line nr="181" mi="1" ci="0" mb="0" cb="0" />
      <line nr="186" mi="1" ci="0" mb="0" cb="0" />
      <line nr="187" mi="1" ci="0" mb="0" cb="0" />
      <line nr="188" mi="3" ci="0" mb="0" cb="0" />
      <line nr="193" mi="1" ci="0" mb="0" cb="0" />
      <line nr="194" mi="2" ci="0" mb="0" cb="0" />
      <line nr="197" mi="2" ci="0" mb="0" cb="0" />
      <line nr="199" mi="5" ci="0" mb="0" cb="0" />
      <line nr="206" mi="0" ci="1" mb="0" cb="0" />
      <line nr="207" mi="0" ci="2" mb="0" cb="0" />
      <line nr="209" mi="1" ci="0" mb="0" cb="0" />
      <line nr="210" mi="1" ci="0" mb="0" cb="0" />
      <line nr="211" mi="1" ci="0" mb="0" cb="0" />
      <line nr="212" mi="1" ci="0" mb="0" cb="0" />
      <line nr="213" mi="1" ci="0" mb="0" cb="0" />
      <line nr="215" mi="1" ci="0" mb="0" cb="0" />
      <line nr="216" mi="1" ci="0" mb="0" cb="0" />
      <line nr="217" mi="1" ci="0" mb="0" cb="0" />
      <line nr="219" mi="2" ci="0" mb="0" cb="0" />
      <line nr="222" mi="2" ci="0" mb="0" cb="0" />
      <line nr="225" mi="5" ci="0" mb="0" cb="0" />
      <line nr="226" mi="5" ci="0" mb="0" cb="0" />
      <line nr="231" mi="0" ci="1" mb="0" cb="0" />
      <line nr="232" mi="0" ci="1" mb="0" cb="0" />
      <line nr="233" mi="0" ci="1" mb="0" cb="0" />
      <line nr="234" mi="0" ci="1" mb="0" cb="0" />
      <line nr="235" mi="0" ci="1" mb="0" cb="0" />
      <line nr="236" mi="0" ci="1" mb="0" cb="0" />
      <line nr="237" mi="0" ci="1" mb="0" cb="0" />
      <line nr="239" mi="0" ci="4" mb="0" cb="0" />
      <line nr="240" mi="0" ci="1" mb="0" cb="0" />
      <line nr="242" mi="0" ci="2" mb="0" cb="0" />
      <line nr="245" mi="2" ci="0" mb="0" cb="0" />
      <line nr="247" mi="0" ci="4" mb="0" cb="0" />
      <line nr="248" mi="0" ci="8" mb="0" cb="0" />
      <line nr="257" mi="0" ci="1" mb="0" cb="0" />
      <line nr="258" mi="0" ci="1" mb="0" cb="0" />
      <line nr="262" mi="0" ci="1" mb="0" cb="0" />
      <line nr="263" mi="0" ci="1" mb="0" cb="0" />
      <line nr="264" mi="0" ci="1" mb="0" cb="0" />
      <line nr="265" mi="0" ci="1" mb="0" cb="0" />
      <line nr="266" mi="0" ci="1" mb="0" cb="0" />
      <line nr="267" mi="0" ci="1" mb="0" cb="0" />
      <line nr="268" mi="0" ci="1" mb="0" cb="0" />
      <line nr="269" mi="0" ci="1" mb="0" cb="0" />
      <line nr="271" mi="0" ci="1" mb="0" cb="0" />
      <line nr="272" mi="0" ci="1" mb="0" cb="0" />
      <line nr="276" mi="5" ci="0" mb="0" cb="0" />
      <line nr="277" mi="1" ci="0" mb="0" cb="0" />
      <line nr="279" mi="0" ci="5" mb="0" cb="0" />
      <line nr="282" mi="0" ci="1" mb="0" cb="0" />
      <line nr="283" mi="0" ci="1" mb="0" cb="0" />
      <line nr="284" mi="0" ci="2" mb="0" cb="0" />
      <line nr="286" mi="0" ci="1" mb="0" cb="0" />
      <line nr="287" mi="0" ci="1" mb="0" cb="0" />
      <line nr="288" mi="0" ci="1" mb="0" cb="0" />
      <line nr="289" mi="0" ci="1" mb="0" cb="0" />
      <line nr="290" mi="0" ci="1" mb="0" cb="0" />
      <line nr="292" mi="0" ci="1" mb="0" cb="0" />
      <line nr="293" mi="0" ci="1" mb="0" cb="0" />
      <line nr="294" mi="0" ci="1" mb="0" cb="0" />
      <line nr="296" mi="0" ci="2" mb="0" cb="0" />
      <line nr="299" mi="2" ci="0" mb="0" cb="0" />
      <line nr="302" mi="0" ci="5" mb="0" cb="0" />
      <line nr="303" mi="0" ci="1" mb="0" cb="0" />
      <line nr="304" mi="0" ci="5" mb="0" cb="0" />
      <line nr="310" mi="0" ci="1" mb="0" cb="0" />
      <line nr="311" mi="0" ci="1" mb="0" cb="0" />
      <line nr="312" mi="0" ci="1" mb="0" cb="0" />
      <line nr="313" mi="0" ci="1" mb="0" cb="0" />
      <line nr="314" mi="0" ci="1" mb="0" cb="0" />
      <line nr="315" mi="0" ci="1" mb="0" cb="0" />
      <line nr="316" mi="0" ci="1" mb="0" cb="0" />
      <line nr="318" mi="0" ci="3" mb="0" cb="0" />
      <line nr="319" mi="0" ci="1" mb="0" cb="0" />
      <line nr="321" mi="0" ci="2" mb="0" cb="0" />
      <line nr="324" mi="2" ci="0" mb="0" cb="0" />
      <line nr="326" mi="0" ci="3" mb="0" cb="0" />
      <line nr="327" mi="0" ci="7" mb="0" cb="0" />
      <line nr="331" mi="3" ci="0" mb="0" cb="0" />
      <line nr="332" mi="5" ci="0" mb="0" cb="0" />
      <line nr="337" mi="0" ci="1" mb="0" cb="0" />
      <line nr="338" mi="0" ci="1" mb="0" cb="0" />
      <line nr="339" mi="0" ci="1" mb="0" cb="0" />
      <line nr="340" mi="0" ci="2" mb="0" cb="0" />
      <line nr="341" mi="0" ci="1" mb="0" cb="0" />
      <line nr="342" mi="0" ci="1" mb="0" cb="0" />
      <line nr="343" mi="0" ci="1" mb="0" cb="0" />
      <line nr="345" mi="0" ci="2" mb="0" cb="0" />
      <line nr="346" mi="0" ci="1" mb="0" cb="0" />
      <line nr="348" mi="0" ci="2" mb="0" cb="0" />
      <line nr="351" mi="2" ci="0" mb="0" cb="0" />
      <line nr="353" mi="0" ci="1" mb="0" cb="0" />
      <line nr="354" mi="0" ci="5" mb="0" cb="0" />
      <line nr="361" mi="0" ci="1" mb="0" cb="0" />
      <line nr="362" mi="0" ci="2" mb="0" cb="0" />
      <line nr="363" mi="0" ci="1" mb="0" cb="0" />
      <line nr="364" mi="0" ci="2" mb="0" cb="0" />
      <line nr="365" mi="0" ci="1" mb="0" cb="0" />
      <line nr="366" mi="2" ci="0" mb="0" cb="0" />
      <line nr="368" mi="1" ci="0" mb="0" cb="0" />
      <line nr="369" mi="1" ci="0" mb="0" cb="0" />
      <line nr="370" mi="1" ci="0" mb="0" cb="0" />
      <line nr="371" mi="1" ci="0" mb="0" cb="0" />
      <line nr="372" mi="1" ci="0" mb="0" cb="0" />
      <line nr="373" mi="1" ci="0" mb="0" cb="0" />
      <line nr="375" mi="2" ci="0" mb="0" cb="0" />
      <line nr="376" mi="1" ci="0" mb="0" cb="0" />
      <line nr="378" mi="2" ci="0" mb="0" cb="0" />
      <line nr="381" mi="2" ci="0" mb="0" cb="0" />
      <line nr="383" mi="5" ci="0" mb="0" cb="0" />
      <line nr="386" mi="0" ci="5" mb="0" cb="0" />
      <line nr="394" mi="1" ci="0" mb="0" cb="0" />
      <line nr="395" mi="5" ci="0" mb="0" cb="0" />
      <line nr="399" mi="1" ci="0" mb="0" cb="0" />
      <line nr="400" mi="1" ci="0" mb="0" cb="0" />
      <line nr="401" mi="1" ci="0" mb="0" cb="0" />
      <line nr="402" mi="1" ci="0" mb="0" cb="0" />
      <line nr="404" mi="1" ci="0" mb="0" cb="0" />
      <line nr="405" mi="1" ci="0" mb="0" cb="0" />
      <line nr="407" mi="2" ci="0" mb="0" cb="0" />
      <line nr="410" mi="2" ci="0" mb="0" cb="0" />
      <line nr="412" mi="5" ci="0" mb="0" cb="0" />
      <line nr="419" mi="0" ci="1" mb="0" cb="0" />
      <line nr="420" mi="0" ci="1" mb="0" cb="0" />
      <line nr="421" mi="1" ci="0" mb="0" cb="0" />
      <line nr="423" mi="1" ci="0" mb="0" cb="0" />
      <line nr="424" mi="1" ci="0" mb="0" cb="0" />
      <line nr="425" mi="1" ci="0" mb="0" cb="0" />
      <line nr="426" mi="1" ci="0" mb="0" cb="0" />
      <line nr="427" mi="1" ci="0" mb="0" cb="0" />
      <line nr="428" mi="1" ci="0" mb="0" cb="0" />
      <line nr="430" mi="1" ci="0" mb="0" cb="0" />
      <line nr="431" mi="1" ci="0" mb="0" cb="0" />
      <line nr="433" mi="2" ci="0" mb="0" cb="0" />
      <line nr="436" mi="2" ci="0" mb="0" cb="0" />
      <line nr="438" mi="5" ci="0" mb="0" cb="0" />
      <line nr="447" mi="0" ci="1" mb="0" cb="0" />
      <line nr="448" mi="0" ci="1" mb="0" cb="0" />
      <line nr="449" mi="0" ci="3" mb="0" cb="0" />
      <line nr="450" mi="0" ci="1" mb="0" cb="0" />
      <line nr="452" mi="0" ci="2" mb="0" cb="0" />
      <line nr="453" mi="0" ci="1" mb="0" cb="0" />
      <line nr="454" mi="0" ci="1" mb="0" cb="0" />
      <line nr="455" mi="0" ci="1" mb="0" cb="0" />
      <line nr="456" mi="0" ci="1" mb="0" cb="0" />
      <line nr="457" mi="0" ci="1" mb="0" cb="0" />
      <line nr="459" mi="0" ci="1" mb="0" cb="0" />
      <line nr="460" mi="0" ci="2" mb="0" cb="0" />
      <line nr="462" mi="0" ci="2" mb="0" cb="0" />
      <line nr="465" mi="2" ci="0" mb="0" cb="0" />
      <line nr="467" mi="0" ci="6" mb="0" cb="0" />
      <line nr="476" mi="0" ci="1" mb="0" cb="0" />
      <line nr="477" mi="0" ci="1" mb="0" cb="0" />
      <line nr="478" mi="0" ci="1" mb="0" cb="0" />
      <line nr="480" mi="0" ci="1" mb="0" cb="0" />
      <line nr="481" mi="0" ci="1" mb="0" cb="0" />
      <line nr="482" mi="0" ci="1" mb="0" cb="0" />
      <line nr="483" mi="0" ci="1" mb="0" cb="0" />
      <line nr="484" mi="0" ci="1" mb="0" cb="0" />
      <line nr="486" mi="0" ci="1" mb="0" cb="0" />
      <line nr="487" mi="0" ci="2" mb="0" cb="0" />
      <line nr="489" mi="0" ci="2" mb="0" cb="0" />
      <line nr="492" mi="2" ci="0" mb="0" cb="0" />
      <line nr="494" mi="0" ci="5" mb="0" cb="0" />
      <line nr="503" mi="0" ci="1" mb="0" cb="0" />
      <line nr="504" mi="0" ci="1" mb="0" cb="0" />
      <line nr="505" mi="0" ci="1" mb="0" cb="0" />
      <line nr="506" mi="0" ci="3" mb="0" cb="0" />
      <line nr="507" mi="0" ci="1" mb="0" cb="0" />
      <line nr="509" mi="2" ci="0" mb="0" cb="0" />
      <line nr="510" mi="1" ci="0" mb="0" cb="0" />
      <line nr="511" mi="1" ci="0" mb="0" cb="0" />
      <line nr="512" mi="1" ci="0" mb="0" cb="0" />
      <line nr="513" mi="1" ci="0" mb="0" cb="0" />
      <line nr="515" mi="1" ci="0" mb="0" cb="0" />
      <line nr="516" mi="2" ci="0" mb="0" cb="0" />
      <line nr="518" mi="2" ci="0" mb="0" cb="0" />
      <line nr="521" mi="2" ci="0" mb="0" cb="0" />
      <line nr="523" mi="5" ci="0" mb="0" cb="0" />
      <line nr="530" mi="2" ci="0" mb="0" cb="0" />
      <line nr="531" mi="1" ci="0" mb="0" cb="0" />
      <line nr="538" mi="0" ci="1" mb="0" cb="0" />
      <line nr="540" mi="2" ci="0" mb="0" cb="0" />
      <line nr="541" mi="1" ci="0" mb="0" cb="0" />
      <line nr="542" mi="2" ci="0" mb="0" cb="0" />
      <line nr="546" mi="2" ci="0" mb="0" cb="0" />
      <line nr="548" mi="5" ci="0" mb="0" cb="0" />
      <line nr="556" mi="0" ci="1" mb="0" cb="0" />
      <line nr="558" mi="2" ci="0" mb="0" cb="0" />
      <line nr="559" mi="1" ci="0" mb="0" cb="0" />
      <line nr="560" mi="2" ci="0" mb="0" cb="0" />
      <line nr="564" mi="2" ci="0" mb="0" cb="0" />
      <line nr="566" mi="5" ci="0" mb="0" cb="0" />
      <line nr="574" mi="0" ci="1" mb="0" cb="0" />
      <line nr="576" mi="2" ci="0" mb="0" cb="0" />
      <line nr="577" mi="1" ci="0" mb="0" cb="0" />
      <line nr="578" mi="2" ci="0" mb="0" cb="0" />
      <line nr="582" mi="2" ci="0" mb="0" cb="0" />
      <line nr="584" mi="5" ci="0" mb="0" cb="0" />
      <line nr="592" mi="1" ci="0" mb="0" cb="0" />
      <line nr="593" mi="5" ci="0" mb="0" cb="0" />
      <line nr="595" mi="2" ci="0" mb="0" cb="0" />
      <line nr="596" mi="1" ci="0" mb="0" cb="0" />
      <line nr="599" mi="2" ci="0" mb="0" cb="0" />
      <line nr="601" mi="5" ci="0" mb="0" cb="0" />
      <line nr="604" mi="1" ci="0" mb="0" cb="0" />
      <line nr="605" mi="1" ci="0" mb="0" cb="0" />
      <line nr="606" mi="1" ci="0" mb="0" cb="0" />
      <line nr="607" mi="1" ci="0" mb="0" cb="0" />
      <line nr="609" mi="1" ci="0" mb="0" cb="0" />
      <line nr="610" mi="2" ci="0" mb="0" cb="0" />
      <line nr="611" mi="1" ci="0" mb="0" cb="0" />
      <line nr="612" mi="2" ci="0" mb="0" cb="0" />
      <line nr="616" mi="2" ci="0" mb="0" cb="0" />
      <line nr="618" mi="5" ci="0" mb="0" cb="0" />
      <line nr="621" mi="1" ci="0" mb="0" cb="0" />
      <line nr="622" mi="1" ci="0" mb="0" cb="0" />
      <line nr="623" mi="1" ci="0" mb="0" cb="0" />
      <line nr="625" mi="1" ci="0" mb="0" cb="0" />
      <line nr="626" mi="2" ci="0" mb="0" cb="0" />
      <line nr="627" mi="1" ci="0" mb="0" cb="0" />
      <line nr="628" mi="1" ci="0" mb="0" cb="0" />
      <line nr="632" mi="2" ci="0" mb="0" cb="0" />
      <line nr="634" mi="5" ci="0" mb="0" cb="0" />
      <counter type="INSTRUCTION" missed="274" covered="223" />
      <counter type="LINE" missed="159" covered="144" />
      <counter type="METHOD" missed="5" covered="16" />
      <counter type="CLASS" missed="0" covered="1" />
    </sourcefile>
    <sourcefile name="Remove-AppxApps.ps1">
      <line nr="62" mi="0" ci="1" mb="0" cb="0" />
      <line nr="132" mi="0" ci="1" mb="0" cb="0" />
      <line nr="161" mi="0" ci="1" mb="0" cb="0" />
      <line nr="176" mi="0" ci="1" mb="0" cb="0" />
      <line nr="177" mi="0" ci="1" mb="0" cb="0" />
      <line nr="178" mi="0" ci="1" mb="0" cb="0" />
      <line nr="179" mi="0" ci="1" mb="0" cb="0" />
      <line nr="180" mi="0" ci="1" mb="0" cb="0" />
      <line nr="181" mi="1" ci="0" mb="0" cb="0" />
      <line nr="182" mi="1" ci="0" mb="0" cb="0" />
      <line nr="185" mi="0" ci="2" mb="0" cb="0" />
      <line nr="187" mi="0" ci="1" mb="0" cb="0" />
      <line nr="192" mi="0" ci="2" mb="0" cb="0" />
      <line nr="193" mi="0" ci="2" mb="0" cb="0" />
      <line nr="195" mi="0" ci="1" mb="0" cb="0" />
      <line nr="198" mi="0" ci="1" mb="0" cb="0" />
      <line nr="201" mi="1" ci="0" mb="0" cb="0" />
      <line nr="202" mi="1" ci="0" mb="0" cb="0" />
      <line nr="204" mi="1" ci="0" mb="0" cb="0" />
      <line nr="205" mi="1" ci="0" mb="0" cb="0" />
      <line nr="206" mi="3" ci="0" mb="0" cb="0" />
      <line nr="210" mi="1" ci="0" mb="0" cb="0" />
      <line nr="211" mi="1" ci="0" mb="0" cb="0" />
      <line nr="212" mi="3" ci="0" mb="0" cb="0" />
      <line nr="215" mi="2" ci="0" mb="0" cb="0" />
      <line nr="217" mi="1" ci="0" mb="0" cb="0" />
      <line nr="219" mi="1" ci="0" mb="0" cb="0" />
      <line nr="220" mi="1" ci="0" mb="0" cb="0" />
      <line nr="223" mi="1" ci="0" mb="0" cb="0" />
      <line nr="226" mi="1" ci="0" mb="0" cb="0" />
      <line nr="234" mi="0" ci="1" mb="0" cb="0" />
      <line nr="235" mi="0" ci="2" mb="0" cb="0" />
      <line nr="241" mi="0" ci="3" mb="0" cb="0" />
      <line nr="242" mi="0" ci="1" mb="0" cb="0" />
      <line nr="243" mi="0" ci="3" mb="0" cb="0" />
      <line nr="247" mi="3" ci="0" mb="0" cb="0" />
      <line nr="249" mi="0" ci="1" mb="0" cb="0" />
      <line nr="250" mi="0" ci="1" mb="0" cb="0" />
      <line nr="251" mi="0" ci="1" mb="0" cb="0" />
      <line nr="252" mi="0" ci="1" mb="0" cb="0" />
      <line nr="253" mi="0" ci="1" mb="0" cb="0" />
      <line nr="254" mi="0" ci="1" mb="0" cb="0" />
      <line nr="256" mi="0" ci="1" mb="0" cb="0" />
      <line nr="259" mi="0" ci="1" mb="0" cb="0" />
      <line nr="261" mi="0" ci="1" mb="0" cb="0" />
      <line nr="262" mi="0" ci="3" mb="0" cb="0" />
      <line nr="263" mi="0" ci="1" mb="0" cb="0" />
      <line nr="264" mi="0" ci="3" mb="0" cb="0" />
      <line nr="265" mi="0" ci="2" mb="0" cb="0" />
      <line nr="269" mi="3" ci="0" mb="0" cb="0" />
      <line nr="271" mi="0" ci="1" mb="0" cb="0" />
      <line nr="272" mi="0" ci="1" mb="0" cb="0" />
      <line nr="273" mi="0" ci="1" mb="0" cb="0" />
      <line nr="274" mi="0" ci="1" mb="0" cb="0" />
      <line nr="275" mi="0" ci="1" mb="0" cb="0" />
      <line nr="276" mi="0" ci="1" mb="0" cb="0" />
      <line nr="278" mi="0" ci="1" mb="0" cb="0" />
      <counter type="INSTRUCTION" missed="27" covered="52" />
      <counter type="LINE" missed="18" covered="39" />
      <counter type="METHOD" missed="0" covered="2" />
      <counter type="CLASS" missed="0" covered="1" />
    </sourcefile>
    <sourcefile name="Remove-Defaults.ps1">
      <line nr="19" mi="0" ci="1" mb="0" cb="0" />
      <line nr="20" mi="0" ci="1" mb="0" cb="0" />
      <line nr="21" mi="0" ci="1" mb="0" cb="0" />
      <line nr="24" mi="0" ci="1" mb="0" cb="0" />
      <line nr="25" mi="0" ci="1" mb="0" cb="0" />
      <line nr="29" mi="1" ci="0" mb="0" cb="0" />
      <line nr="31" mi="0" ci="1" mb="0" cb="0" />
      <counter type="INSTRUCTION" missed="1" covered="6" />
      <counter type="LINE" missed="1" covered="6" />
      <counter type="METHOD" missed="0" covered="1" />
      <counter type="CLASS" missed="0" covered="1" />
    </sourcefile>
    <counter type="INSTRUCTION" missed="376" covered="429" />
    <counter type="LINE" missed="219" covered="269" />
    <counter type="METHOD" missed="5" covered="20" />
    <counter type="CLASS" missed="0" covered="4" />
  </package>
  <counter type="INSTRUCTION" missed="376" covered="429" />
  <counter type="LINE" missed="219" covered="269" />
  <counter type="METHOD" missed="5" covered="20" />
  <counter type="CLASS" missed="0" covered="4" />
</report>
