<?xml version="1.0" encoding="utf-8" standalone="no"?>
<test-results xmlns:xsi="http://www.w3.org/2001/XMLSchema-instance" xsi:noNamespaceSchemaLocation="nunit_schema_2.5.xsd" name="Pester" total="38" errors="0" failures="0" not-run="0" inconclusive="0" ignored="0" skipped="0" invalid="0" date="2020-06-18" time="22:11:25">
  <environment clr-version="4.0.30319.42000" user-domain="APPVEYOR-VM" cwd="C:\projects\image-customise" platform="Microsoft Windows Server 2019 Datacenter|C:\Windows|\Device\Harddisk0\Partition4" machine-name="APPVEYOR-VM" nunit-version="2.5.8.0" os-version="10.0.17763" user="appveyor" />
  <culture-info current-culture="en-US" current-uiculture="en-US" />
  <test-suite type="TestFixture" name="Pester" executed="True" result="Success" success="True" time="7.7071" asserts="0" description="Pester">
    <results>
      <test-suite type="TestFixture" name="C:\projects\image-customise\tests\Main.Tests.ps1" executed="True" result="Success" success="True" time="7.7071" asserts="0" description="C:\projects\image-customise\tests\Main.Tests.ps1">
        <results>
          <test-suite type="TestFixture" name="General project validation" executed="True" result="Success" success="True" time="4.9708" asserts="0" description="General project validation">
            <results>
              <test-suite type="ParameterizedTest" name="General project validation.Script &lt;file&gt; should be valid PowerShell" executed="True" result="Success" success="True" time="0.986" asserts="0" description="Script &lt;file&gt; should be valid PowerShell">
                <results>
                  <test-case description="Script &lt;file&gt; should be valid PowerShell" name="General project validation.Script &lt;file&gt; should be valid PowerShell(Invoke-Scripts.ps1)" time="0.7445" asserts="0" success="True" result="Success" executed="True" />
                  <test-case description="Script &lt;file&gt; should be valid PowerShell" name="General project validation.Script &lt;file&gt; should be valid PowerShell(Remove-AppxApps.Client.ps1)" time="0.0192" asserts="0" success="True" result="Success" executed="True" />
                  <test-case description="Script &lt;file&gt; should be valid PowerShell" name="General project validation.Script &lt;file&gt; should be valid PowerShell(Remove-AppxApps.Virtual.ps1)" time="0.0314" asserts="0" success="True" result="Success" executed="True" />
                  <test-case description="Script &lt;file&gt; should be valid PowerShell" name="General project validation.Script &lt;file&gt; should be valid PowerShell(Set-DefaultUser.All.ps1)" time="0.0109" asserts="0" success="True" result="Success" executed="True" />
                  <test-case description="Script &lt;file&gt; should be valid PowerShell" name="General project validation.Script &lt;file&gt; should be valid PowerShell(Set-DefaultUser.Client.ps1)" time="0.0503" asserts="0" success="True" result="Success" executed="True" />
                  <test-case description="Script &lt;file&gt; should be valid PowerShell" name="General project validation.Script &lt;file&gt; should be valid PowerShell(Set-DefaultUser.Server.ps1)" time="0.0158" asserts="0" success="True" result="Success" executed="True" />
                  <test-case description="Script &lt;file&gt; should be valid PowerShell" name="General project validation.Script &lt;file&gt; should be valid PowerShell(Set-DefaultUser.Virtual.ps1)" time="0.0191" asserts="0" success="True" result="Success" executed="True" />
                  <test-case description="Script &lt;file&gt; should be valid PowerShell" name="General project validation.Script &lt;file&gt; should be valid PowerShell(Set-Defender.18362.ps1)" time="0.0144" asserts="0" success="True" result="Success" executed="True" />
                  <test-case description="Script &lt;file&gt; should be valid PowerShell" name="General project validation.Script &lt;file&gt; should be valid PowerShell(Set-Defender.All.ps1)" time="0.0145" asserts="0" success="True" result="Success" executed="True" />
                  <test-case description="Script &lt;file&gt; should be valid PowerShell" name="General project validation.Script &lt;file&gt; should be valid PowerShell(Set-Machine.19041.ps1)" time="0.0198" asserts="0" success="True" result="Success" executed="True" />
                  <test-case description="Script &lt;file&gt; should be valid PowerShell" name="General project validation.Script &lt;file&gt; should be valid PowerShell(Set-Machine.All.ps1)" time="0.0148" asserts="0" success="True" result="Success" executed="True" />
                  <test-case description="Script &lt;file&gt; should be valid PowerShell" name="General project validation.Script &lt;file&gt; should be valid PowerShell(Set-Machine.Client.ps1)" time="0.0178" asserts="0" success="True" result="Success" executed="True" />
                  <test-case description="Script &lt;file&gt; should be valid PowerShell" name="General project validation.Script &lt;file&gt; should be valid PowerShell(Set-Machine.Server.ps1)" time="0.0137" asserts="0" success="True" result="Success" executed="True" />
                </results>
              </test-suite>
              <test-suite type="ParameterizedTest" name="General project validation.&lt;file&gt; should pass ScriptAnalyzer" executed="True" result="Success" success="True" time="2.8981" asserts="0" description="&lt;file&gt; should pass ScriptAnalyzer">
                <results>
                  <test-case description="&lt;file&gt; should pass ScriptAnalyzer" name="General project validation.&lt;file&gt; should pass ScriptAnalyzer(Invoke-Scripts.ps1)" time="0.6362" asserts="0" success="True" result="Success" executed="True" />
                  <test-case description="&lt;file&gt; should pass ScriptAnalyzer" name="General project validation.&lt;file&gt; should pass ScriptAnalyzer(Remove-AppxApps.Client.ps1)" time="0.6235" asserts="0" success="True" result="Success" executed="True" />
                  <test-case description="&lt;file&gt; should pass ScriptAnalyzer" name="General project validation.&lt;file&gt; should pass ScriptAnalyzer(Remove-AppxApps.Virtual.ps1)" time="0.1265" asserts="0" success="True" result="Success" executed="True" />
                  <test-case description="&lt;file&gt; should pass ScriptAnalyzer" name="General project validation.&lt;file&gt; should pass ScriptAnalyzer(Set-DefaultUser.All.ps1)" time="0.2545" asserts="0" success="True" result="Success" executed="True" />
                  <test-case description="&lt;file&gt; should pass ScriptAnalyzer" name="General project validation.&lt;file&gt; should pass ScriptAnalyzer(Set-DefaultUser.Client.ps1)" time="0.3995" asserts="0" success="True" result="Success" executed="True" />
                  <test-case description="&lt;file&gt; should pass ScriptAnalyzer" name="General project validation.&lt;file&gt; should pass ScriptAnalyzer(Set-DefaultUser.Server.ps1)" time="0.1992" asserts="0" success="True" result="Success" executed="True" />
                  <test-case description="&lt;file&gt; should pass ScriptAnalyzer" name="General project validation.&lt;file&gt; should pass ScriptAnalyzer(Set-DefaultUser.Virtual.ps1)" time="0.0553" asserts="0" success="True" result="Success" executed="True" />
                  <test-case description="&lt;file&gt; should pass ScriptAnalyzer" name="General project validation.&lt;file&gt; should pass ScriptAnalyzer(Set-Defender.18362.ps1)" time="0.0506" asserts="0" success="True" result="Success" executed="True" />
                  <test-case description="&lt;file&gt; should pass ScriptAnalyzer" name="General project validation.&lt;file&gt; should pass ScriptAnalyzer(Set-Defender.All.ps1)" time="0.2751" asserts="0" success="True" result="Success" executed="True" />
                  <test-case description="&lt;file&gt; should pass ScriptAnalyzer" name="General project validation.&lt;file&gt; should pass ScriptAnalyzer(Set-Machine.19041.ps1)" time="0.1198" asserts="0" success="True" result="Success" executed="True" />
                  <test-case description="&lt;file&gt; should pass ScriptAnalyzer" name="General project validation.&lt;file&gt; should pass ScriptAnalyzer(Set-Machine.All.ps1)" time="0.0491" asserts="0" success="True" result="Success" executed="True" />
                  <test-case description="&lt;file&gt; should pass ScriptAnalyzer" name="General project validation.&lt;file&gt; should pass ScriptAnalyzer(Set-Machine.Client.ps1)" time="0.0599" asserts="0" success="True" result="Success" executed="True" />
                  <test-case description="&lt;file&gt; should pass ScriptAnalyzer" name="General project validation.&lt;file&gt; should pass ScriptAnalyzer(Set-Machine.Server.ps1)" time="0.0488" asserts="0" success="True" result="Success" executed="True" />
                </results>
              </test-suite>
            </results>
          </test-suite>
          <test-suite type="TestFixture" name="Script execution validation" executed="True" result="Success" success="True" time="5.1804" asserts="0" description="Script execution validation">
            <results>
              <test-case description="Remove-AppxApps.Client.ps1 should not Throw" name="Script execution validation.Remove-AppxApps.Client.ps1 should not Throw" time="0.0109" asserts="0" success="True" result="Success" executed="True" />
              <test-case description="Remove-AppxApps.Virtual.ps1 should not Throw" name="Script execution validation.Remove-AppxApps.Virtual.ps1 should not Throw" time="0.0043" asserts="0" success="True" result="Success" executed="True" />
              <test-case description="Set-DefaultUser.All.ps1 should not Throw" name="Script execution validation.Set-DefaultUser.All.ps1 should not Throw" time="0.0122" asserts="0" success="True" result="Success" executed="True" />
              <test-case description="Set-DefaultUser.Client.ps1 should not Throw" name="Script execution validation.Set-DefaultUser.Client.ps1 should not Throw" time="0.0074" asserts="0" success="True" result="Success" executed="True" />
              <test-case description="Set-DefaultUser.Server.ps1 should not Throw" name="Script execution validation.Set-DefaultUser.Server.ps1 should not Throw" time="0.0072" asserts="0" success="True" result="Success" executed="True" />
              <test-case description="Set-DefaultUser.Virtual.ps1 should not Throw" name="Script execution validation.Set-DefaultUser.Virtual.ps1 should not Throw" time="0.0073" asserts="0" success="True" result="Success" executed="True" />
              <test-case description="Set-Defender.18362.ps1 should not Throw" name="Script execution validation.Set-Defender.18362.ps1 should not Throw" time="0.0902" asserts="0" success="True" result="Success" executed="True" />
              <test-case description="Set-Defender.All.ps1 should not Throw" name="Script execution validation.Set-Defender.All.ps1 should not Throw" time="0.0072" asserts="0" success="True" result="Success" executed="True" />
              <test-case description="Set-Machine.19041.ps1 should not Throw" name="Script execution validation.Set-Machine.19041.ps1 should not Throw" time="0.0075" asserts="0" success="True" result="Success" executed="True" />
              <test-case description="Set-Machine.All.ps1 should not Throw" name="Script execution validation.Set-Machine.All.ps1 should not Throw" time="0.0076" asserts="0" success="True" result="Success" executed="True" />
              <test-case description="Set-Machine.Client.ps1 should not Throw" name="Script execution validation.Set-Machine.Client.ps1 should not Throw" time="0.0071" asserts="0" success="True" result="Success" executed="True" />
              <test-case description="Set-Machine.Server.ps1 should not Throw" name="Script execution validation.Set-Machine.Server.ps1 should not Throw" time="0.0074" asserts="0" success="True" result="Success" executed="True" />
            </results>
          </test-suite>
        </results>
      </test-suite>
    </results>
  </test-suite>
</test-results>