<?xml version="1.0" encoding="utf-8" standalone="no"?>
<test-results xmlns:xsi="http://www.w3.org/2001/XMLSchema-instance" xsi:noNamespaceSchemaLocation="nunit_schema_2.5.xsd" name="Pester" total="38" errors="0" failures="0" not-run="0" inconclusive="0" ignored="0" skipped="0" invalid="0" date="2020-11-23" time="12:18:03">
  <environment clr-version="4.0.30319.42000" user-domain="APPVEYOR-VM" cwd="C:\projects\image-customise" platform="Microsoft Windows Server 2019 Datacenter|C:\Windows|\Device\Harddisk0\Partition4" machine-name="APPVEYOR-VM" nunit-version="2.5.8.0" os-version="10.0.17763" user="appveyor" />
  <culture-info current-culture="en-US" current-uiculture="en-US" />
  <test-suite type="TestFixture" name="Pester" executed="True" result="Success" success="True" time="128.8757" asserts="0" description="Pester">
    <results>
      <test-suite type="TestFixture" name="C:\projects\image-customise\tests\Main.Tests.ps1" executed="True" result="Success" success="True" time="128.8757" asserts="0" description="C:\projects\image-customise\tests\Main.Tests.ps1">
        <results>
          <test-suite type="TestFixture" name="General project validation" executed="True" result="Success" success="True" time="6.051" asserts="0" description="General project validation">
            <results>
              <test-suite type="ParameterizedTest" name="General project validation.Script &lt;file&gt; should be valid PowerShell" executed="True" result="Success" success="True" time="0.6393" asserts="0" description="Script &lt;file&gt; should be valid PowerShell">
                <results>
                  <test-case description="Script Invoke-Scripts.ps1 should be valid PowerShell" name="General project validation.Script Invoke-Scripts.ps1 should be valid PowerShell" time="0.4961" asserts="0" success="True" result="Success" executed="True" />
                  <test-case description="Script Remove-AppxApps.Client.ps1 should be valid PowerShell" name="General project validation.Script Remove-AppxApps.Client.ps1 should be valid PowerShell" time="0.028" asserts="0" success="True" result="Success" executed="True" />
                  <test-case description="Script Remove-AppxApps.Virtual.ps1 should be valid PowerShell" name="General project validation.Script Remove-AppxApps.Virtual.ps1 should be valid PowerShell" time="0.0133" asserts="0" success="True" result="Success" executed="True" />
                  <test-case description="Script Set-DefaultUser.All.ps1 should be valid PowerShell" name="General project validation.Script Set-DefaultUser.All.ps1 should be valid PowerShell" time="0.0069" asserts="0" success="True" result="Success" executed="True" />
                  <test-case description="Script Set-DefaultUser.Client.ps1 should be valid PowerShell" name="General project validation.Script Set-DefaultUser.Client.ps1 should be valid PowerShell" time="0.0086" asserts="0" success="True" result="Success" executed="True" />
                  <test-case description="Script Set-DefaultUser.Server.ps1 should be valid PowerShell" name="General project validation.Script Set-DefaultUser.Server.ps1 should be valid PowerShell" time="0.0095" asserts="0" success="True" result="Success" executed="True" />
                  <test-case description="Script Set-DefaultUser.Virtual.ps1 should be valid PowerShell" name="General project validation.Script Set-DefaultUser.Virtual.ps1 should be valid PowerShell" time="0.0252" asserts="0" success="True" result="Success" executed="True" />
                  <test-case description="Script Set-Defender.18362.ps1 should be valid PowerShell" name="General project validation.Script Set-Defender.18362.ps1 should be valid PowerShell" time="0.007" asserts="0" success="True" result="Success" executed="True" />
                  <test-case description="Script Set-Defender.All.ps1 should be valid PowerShell" name="General project validation.Script Set-Defender.All.ps1 should be valid PowerShell" time="0.0084" asserts="0" success="True" result="Success" executed="True" />
                  <test-case description="Script Set-Machine.19041.ps1 should be valid PowerShell" name="General project validation.Script Set-Machine.19041.ps1 should be valid PowerShell" time="0.0088" asserts="0" success="True" result="Success" executed="True" />
                  <test-case description="Script Set-Machine.All.ps1 should be valid PowerShell" name="General project validation.Script Set-Machine.All.ps1 should be valid PowerShell" time="0.0122" asserts="0" success="True" result="Success" executed="True" />
                  <test-case description="Script Set-Machine.Client.ps1 should be valid PowerShell" name="General project validation.Script Set-Machine.Client.ps1 should be valid PowerShell" time="0.0088" asserts="0" success="True" result="Success" executed="True" />
                  <test-case description="Script Set-Machine.Server.ps1 should be valid PowerShell" name="General project validation.Script Set-Machine.Server.ps1 should be valid PowerShell" time="0.0065" asserts="0" success="True" result="Success" executed="True" />
                </results>
              </test-suite>
              <test-suite type="ParameterizedTest" name="General project validation.&lt;file&gt; should pass ScriptAnalyzer" executed="True" result="Success" success="True" time="3.2776" asserts="0" description="&lt;file&gt; should pass ScriptAnalyzer">
                <results>
                  <test-case description="Invoke-Scripts.ps1 should pass ScriptAnalyzer" name="General project validation.Invoke-Scripts.ps1 should pass ScriptAnalyzer" time="0.5458" asserts="0" success="True" result="Success" executed="True" />
                  <test-case description="Remove-AppxApps.Client.ps1 should pass ScriptAnalyzer" name="General project validation.Remove-AppxApps.Client.ps1 should pass ScriptAnalyzer" time="0.7501" asserts="0" success="True" result="Success" executed="True" />
                  <test-case description="Remove-AppxApps.Virtual.ps1 should pass ScriptAnalyzer" name="General project validation.Remove-AppxApps.Virtual.ps1 should pass ScriptAnalyzer" time="0.1194" asserts="0" success="True" result="Success" executed="True" />
                  <test-case description="Set-DefaultUser.All.ps1 should pass ScriptAnalyzer" name="General project validation.Set-DefaultUser.All.ps1 should pass ScriptAnalyzer" time="0.0791" asserts="0" success="True" result="Success" executed="True" />
                  <test-case description="Set-DefaultUser.Client.ps1 should pass ScriptAnalyzer" name="General project validation.Set-DefaultUser.Client.ps1 should pass ScriptAnalyzer" time="0.2589" asserts="0" success="True" result="Success" executed="True" />
                  <test-case description="Set-DefaultUser.Server.ps1 should pass ScriptAnalyzer" name="General project validation.Set-DefaultUser.Server.ps1 should pass ScriptAnalyzer" time="0.3758" asserts="0" success="True" result="Success" executed="True" />
                  <test-case description="Set-DefaultUser.Virtual.ps1 should pass ScriptAnalyzer" name="General project validation.Set-DefaultUser.Virtual.ps1 should pass ScriptAnalyzer" time="0.0831" asserts="0" success="True" result="Success" executed="True" />
                  <test-case description="Set-Defender.18362.ps1 should pass ScriptAnalyzer" name="General project validation.Set-Defender.18362.ps1 should pass ScriptAnalyzer" time="0.084" asserts="0" success="True" result="Success" executed="True" />
                  <test-case description="Set-Defender.All.ps1 should pass ScriptAnalyzer" name="General project validation.Set-Defender.All.ps1 should pass ScriptAnalyzer" time="0.5681" asserts="0" success="True" result="Success" executed="True" />
                  <test-case description="Set-Machine.19041.ps1 should pass ScriptAnalyzer" name="General project validation.Set-Machine.19041.ps1 should pass ScriptAnalyzer" time="0.1099" asserts="0" success="True" result="Success" executed="True" />
                  <test-case description="Set-Machine.All.ps1 should pass ScriptAnalyzer" name="General project validation.Set-Machine.All.ps1 should pass ScriptAnalyzer" time="0.0925" asserts="0" success="True" result="Success" executed="True" />
                  <test-case description="Set-Machine.Client.ps1 should pass ScriptAnalyzer" name="General project validation.Set-Machine.Client.ps1 should pass ScriptAnalyzer" time="0.1048" asserts="0" success="True" result="Success" executed="True" />
                  <test-case description="Set-Machine.Server.ps1 should pass ScriptAnalyzer" name="General project validation.Set-Machine.Server.ps1 should pass ScriptAnalyzer" time="0.1061" asserts="0" success="True" result="Success" executed="True" />
                </results>
              </test-suite>
            </results>
          </test-suite>
          <test-suite type="TestFixture" name="Script execution validation" executed="True" result="Success" success="True" time="122.5676" asserts="0" description="Script execution validation">
            <results>
              <test-case description="Remove-AppxApps.Client.ps1 should not Throw" name="Script execution validation.Remove-AppxApps.Client.ps1 should not Throw" time="7.5144" asserts="0" success="True" result="Success" executed="True" />
              <test-case description="Remove-AppxApps.Virtual.ps1 should not Throw" name="Script execution validation.Remove-AppxApps.Virtual.ps1 should not Throw" time="0.0681" asserts="0" success="True" result="Success" executed="True" />
              <test-case description="Set-DefaultUser.All.ps1 should not Throw" name="Script execution validation.Set-DefaultUser.All.ps1 should not Throw" time="28.3214" asserts="0" success="True" result="Success" executed="True" />
              <test-case description="Set-DefaultUser.Client.ps1 should not Throw" name="Script execution validation.Set-DefaultUser.Client.ps1 should not Throw" time="0.0634" asserts="0" success="True" result="Success" executed="True" />
              <test-case description="Set-DefaultUser.Server.ps1 should not Throw" name="Script execution validation.Set-DefaultUser.Server.ps1 should not Throw" time="4.0433" asserts="0" success="True" result="Success" executed="True" />
              <test-case description="Set-DefaultUser.Virtual.ps1 should not Throw" name="Script execution validation.Set-DefaultUser.Virtual.ps1 should not Throw" time="30.2724" asserts="0" success="True" result="Success" executed="True" />
              <test-case description="Set-Defender.18362.ps1 should not Throw" name="Script execution validation.Set-Defender.18362.ps1 should not Throw" time="1.3406" asserts="0" success="True" result="Success" executed="True" />
              <test-case description="Set-Defender.All.ps1 should not Throw" name="Script execution validation.Set-Defender.All.ps1 should not Throw" time="0.8371" asserts="0" success="True" result="Success" executed="True" />
              <test-case description="Set-Machine.19041.ps1 should not Throw" name="Script execution validation.Set-Machine.19041.ps1 should not Throw" time="0.8806" asserts="0" success="True" result="Success" executed="True" />
              <test-case description="Set-Machine.All.ps1 should not Throw" name="Script execution validation.Set-Machine.All.ps1 should not Throw" time="3.0391" asserts="0" success="True" result="Success" executed="True" />
              <test-case description="Set-Machine.Client.ps1 should not Throw" name="Script execution validation.Set-Machine.Client.ps1 should not Throw" time="31.2269" asserts="0" success="True" result="Success" executed="True" />
              <test-case description="Set-Machine.Server.ps1 should not Throw" name="Script execution validation.Set-Machine.Server.ps1 should not Throw" time="14.7468" asserts="0" success="True" result="Success" executed="True" />
            </results>
          </test-suite>
        </results>
      </test-suite>
    </results>
  </test-suite>
</test-results>